0 info it worked if it ends with ok
1 verbose cli [ 'C:\\Program Files\\nodejs\\node.exe',
1 verbose cli   'C:\\Program Files\\nodejs\\node_modules\\npm\\bin\\npm-cli.js',
1 verbose cli   'start' ]
2 info using npm@3.9.5
3 info using node@v6.2.2
4 verbose run-script [ 'prestart', 'start', 'poststart' ]
5 info lifecycle ab-mean@1.0.0~prestart: ab-mean@1.0.0
6 silly lifecycle ab-mean@1.0.0~prestart: no script for prestart, continuing
7 info lifecycle ab-mean@1.0.0~start: ab-mean@1.0.0
8 verbose lifecycle ab-mean@1.0.0~start: unsafe-perm in lifecycle true
9 verbose lifecycle ab-mean@1.0.0~start: PATH: C:\Program Files\nodejs\node_modules\npm\bin\node-gyp-bin;D:\WebstormProjects\ab-mean\node_modules\.bin;C:\Program Files\nodejs;C:\ProgramData\Oracle\Java\javapath;C:\Windows\system32;C:\Windows;C:\Windows\System32\Wbem;C:\Windows\System32\WindowsPowerShell\v1.0\;C:\Program Files (x86)\Intel\OpenCL SDK\2.0\bin\x86;C:\Program Files (x86)\Intel\OpenCL SDK\2.0\bin\x64;C:\wamp64\bin\php\php7.0.0;C:\ProgramData\ComposerSetup\bin;C:\Program Files\MongoDB\Server\3.0\bin;C:\Program Files\Git\bin;C:\wamp64\bin\mysql\mysql5.7.9\bin;C:\Program Files (x86)\Skype\Phone\;C:\Program Files\nodejs\;C:\Users\sarvesh\AppData\Local\atom\bin;C:\Users\sarvesh\AppData\Roaming\npm
10 verbose lifecycle ab-mean@1.0.0~start: CWD: D:\WebstormProjects\ab-mean
11 silly lifecycle ab-mean@1.0.0~start: Args: [ '/d /s /c',
11 silly lifecycle   'tsc && concurrently "npm run tsc:w" "npm run lite" ' ]
12 silly lifecycle ab-mean@1.0.0~start: Returned: code: 1  signal: null
13 info lifecycle ab-mean@1.0.0~start: Failed to exec start script
14 verbose stack Error: ab-mean@1.0.0 start: `tsc && concurrently "npm run tsc:w" "npm run lite" `
14 verbose stack Exit status 1
14 verbose stack     at EventEmitter.<anonymous> (C:\Program Files\nodejs\node_modules\npm\lib\utils\lifecycle.js:245:16)
14 verbose stack     at emitTwo (events.js:106:13)
14 verbose stack     at EventEmitter.emit (events.js:191:7)
14 verbose stack     at ChildProcess.<anonymous> (C:\Program Files\nodejs\node_modules\npm\lib\utils\spawn.js:24:14)
14 verbose stack     at emitTwo (events.js:106:13)
14 verbose stack     at ChildProcess.emit (events.js:191:7)
14 verbose stack     at maybeClose (internal/child_process.js:852:16)
14 verbose stack     at Process.ChildProcess._handle.onexit (internal/child_process.js:215:5)
15 verbose pkgid ab-mean@1.0.0
16 verbose cwd D:\WebstormProjects\ab-mean\app
17 error Windows_NT 6.1.7601
18 error argv "C:\\Program Files\\nodejs\\node.exe" "C:\\Program Files\\nodejs\\node_modules\\npm\\bin\\npm-cli.js" "start"
19 error node v6.2.2
20 error npm  v3.9.5
21 error code ELIFECYCLE
22 error ab-mean@1.0.0 start: `tsc && concurrently "npm run tsc:w" "npm run lite" `
22 error Exit status 1
23 error Failed at the ab-mean@1.0.0 start script 'tsc && concurrently "npm run tsc:w" "npm run lite" '.
23 error Make sure you have the latest version of node.js and npm installed.
23 error If you do, this is most likely a problem with the ab-mean package,
23 error not with npm itself.
23 error Tell the author that this fails on your system:
23 error     tsc && concurrently "npm run tsc:w" "npm run lite"
23 error You can get information on how to open an issue for this project with:
23 error     npm bugs ab-mean
23 error Or if that isn't available, you can get their info via:
23 error     npm owner ls ab-mean
23 error There is likely additional logging output above.
24 verbose exit [ 1, true ]
